\BOOKMARK [0][-]{chapter.1}{Module Introduction}{}% 1
\BOOKMARK [1][-]{section.1.1}{The Module Team}{chapter.1}% 2
\BOOKMARK [1][-]{section.1.2}{Staff Student Communication}{chapter.1}% 3
\BOOKMARK [1][-]{section.1.3}{Module Overview}{chapter.1}% 4
\BOOKMARK [2][-]{subsection.1.3.1}{UNISTATS - learning \046 teaching }{section.1.3}% 5
\BOOKMARK [1][-]{section.1.4}{Learning Resources}{chapter.1}% 6
\BOOKMARK [1][-]{section.1.5}{Indicative Lecture Plan.}{chapter.1}% 7
\BOOKMARK [0][-]{chapter.2}{Research Ethics}{}% 8
\BOOKMARK [0][-]{chapter.3}{Assessment}{}% 9
\BOOKMARK [0][-]{chapter.4}{Coursework 1}{}% 10
\BOOKMARK [1][-]{section.4.1}{Instructions}{chapter.4}% 11
\BOOKMARK [1][-]{section.4.2}{Introduction}{chapter.4}% 12
\BOOKMARK [1][-]{section.4.3}{Problem Specification}{chapter.4}% 13
\BOOKMARK [1][-]{section.4.4}{Data Model}{chapter.4}% 14
\BOOKMARK [2][-]{subsection.4.4.1}{Introduction}{section.4.4}% 15
\BOOKMARK [2][-]{subsection.4.4.2}{Participants}{section.4.4}% 16
\BOOKMARK [2][-]{subsection.4.4.3}{Assets}{section.4.4}% 17
\BOOKMARK [2][-]{subsection.4.4.4}{Transactions}{section.4.4}% 18
\BOOKMARK [2][-]{subsection.4.4.5}{Comments}{section.4.4}% 19
\BOOKMARK [1][-]{section.4.5}{Documentation}{chapter.4}% 20
\BOOKMARK [0][-]{chapter.5}{ Coursework 2}{}% 21
\BOOKMARK [1][-]{section.5.1}{Instructions}{chapter.5}% 22
\BOOKMARK [1][-]{section.5.2}{Introduction}{chapter.5}% 23
\BOOKMARK [1][-]{section.5.3}{Data Model}{chapter.5}% 24
\BOOKMARK [1][-]{section.5.4}{Access Control language}{chapter.5}% 25
\BOOKMARK [1][-]{section.5.5}{Business Logic}{chapter.5}% 26
\BOOKMARK [1][-]{section.5.6}{Presentation}{chapter.5}% 27
\BOOKMARK [2][-]{subsection.5.6.1}{Comments}{section.5.6}% 28
\BOOKMARK [1][-]{section.5.7}{Documentation}{chapter.5}% 29
\BOOKMARK [0][-]{chapter.6}{Deferred Coursework}{}% 30
\BOOKMARK [1][-]{section.6.1}{Instructions for deferrals before 1st June 2020}{chapter.6}% 31
\BOOKMARK [1][-]{section.6.2}{Instruction for deferrals after 1st June 2020}{chapter.6}% 32
\BOOKMARK [0][-]{chapter.7}{Resit Coursework}{}% 33
\BOOKMARK [1][-]{section.7.1}{Instruction for Resits}{chapter.7}% 34
